12/14/2024 06:49:27 - WARNING - __main__ - Process rank: 0, device: cuda:0, n_gpu: 1, distributed training: False, 16-bits training: False
12/14/2024 06:49:27 - INFO - __main__ - Training/evaluation parameters ParlerTTSTrainingArguments(
_n_gpu=1,
accelerator_config={'split_batches': False, 'dispatch_batches': None, 'even_batches': True, 'use_seedable_sampler': True, 'non_blocking': False, 'gradient_accumulation_kwargs': None, 'use_configured_state': False},
adafactor=False,
adam_beta1=0.9,
adam_beta2=0.99,
adam_epsilon=1e-08,
audio_encoder_per_device_batch_size=5,
auto_find_batch_size=False,
average_tokens_across_devices=False,
batch_eval_metrics=False,
bf16=False,
bf16_full_eval=False,
codebook_weights=None,
compute_clap_similarity_metric=True,
compute_noise_level_metric=True,
data_seed=None,
dataloader_drop_last=False,
dataloader_num_workers=1,
dataloader_persistent_workers=False,
dataloader_pin_memory=True,
dataloader_prefetch_factor=None,
ddp_backend=None,
ddp_broadcast_buffers=None,
ddp_bucket_cap_mb=None,
ddp_find_unused_parameters=None,
ddp_timeout=1800,
debug=[],
deepspeed=None,
disable_tqdm=False,
dispatch_batches=None,
do_eval=True,
do_predict=False,
do_train=True,
dtype=float16,
eval_accumulation_steps=None,
eval_dataloader_num_workers=0,
eval_delay=0,
eval_do_concat_batches=True,
eval_generation_steps=None,
eval_on_start=False,
eval_steps=None,
eval_strategy=IntervalStrategy.NO,
eval_use_gather_object=False,
evaluation_strategy=None,
fp16=False,
fp16_backend=auto,
fp16_full_eval=False,
fp16_opt_level=O1,
fsdp=[],
fsdp_config={'min_num_params': 0, 'xla': False, 'xla_fsdp_v2': False, 'xla_fsdp_grad_ckpt': False},
fsdp_min_num_params=0,
fsdp_transformer_layer_cls_to_wrap=None,
full_determinism=False,
generation_config=None,
generation_max_length=None,
generation_num_beams=None,
gradient_accumulation_steps=18,
gradient_checkpointing=True,
gradient_checkpointing_kwargs=None,
greater_is_better=None,
group_by_length=True,
half_precision_backend=auto,
hub_always_push=False,
hub_model_id=None,
hub_private_repo=False,
hub_strategy=HubStrategy.EVERY_SAVE,
hub_token=<HUB_TOKEN>,
ignore_data_skip=False,
include_for_metrics=['inputs'],
include_inputs_for_metrics=True,
include_num_input_tokens_seen=False,
include_tokens_per_second=False,
jit_mode_eval=False,
label_names=None,
label_smoothing_factor=0.0,
learning_rate=0.0001,
length_column_name=length,
load_best_model_at_end=False,
local_rank=0,
log_level=passive,
log_level_replica=warning,
log_on_each_node=True,
logging_dir=./output_dir_training/runs/Dec14_06-49-24_966f5bdcea97,
logging_first_step=False,
logging_nan_inf_filter=True,
logging_steps=1.0,
logging_strategy=IntervalStrategy.STEPS,
lr_scheduler_kwargs={},
lr_scheduler_type=SchedulerType.CONSTANT_WITH_WARMUP,
max_grad_norm=1.0,
max_steps=-1,
metric_for_best_model=None,
mp_parameters=,
neftune_noise_alpha=None,
no_cuda=False,
noise_level_to_compute_clean_wer=25,
num_train_epochs=10.0,
optim=OptimizerNames.ADAMW_TORCH,
optim_args=None,
optim_target_modules=None,
output_dir=./output_dir_training/,
overwrite_output_dir=True,
past_index=-1,
per_device_eval_batch_size=4,
per_device_train_batch_size=2,
predict_with_generate=True,
prediction_loss_only=False,
push_to_hub=False,
push_to_hub_model_id=None,
push_to_hub_organization=None,
push_to_hub_token=<PUSH_TO_HUB_TOKEN>,
ray_scope=last,
remove_unused_columns=True,
report_to=['tensorboard', 'wandb'],
restore_callback_states_from_checkpoint=False,
resume_from_checkpoint=None,
run_name=./output_dir_training/,
save_on_each_node=False,
save_only_model=False,
save_safetensors=True,
save_steps=500,
save_strategy=IntervalStrategy.STEPS,
save_total_limit=None,
seed=456,
skip_memory_metrics=True,
sortish_sampler=False,
split_batches=None,
tf32=None,
torch_compile=False,
torch_compile_backend=None,
torch_compile_mode=None,
torch_empty_cache_steps=None,
torchdynamo=None,
tpu_metrics_debug=False,
tpu_num_cores=None,
use_cpu=False,
use_ipex=False,
use_legacy_prediction_loop=False,
use_liger_kernel=False,
use_mps_device=False,
warmup_ratio=0.0,
warmup_steps=50,
weight_decay=0.01,
)
loading configuration file preprocessor_config.json from cache at /app/.cache/huggingface/hub/models--parler-tts--dac_44khZ_8kbps/snapshots/db52bea859d9411e0beb44a3ea923a8731ee4197/preprocessor_config.json
Feature extractor EncodecFeatureExtractor {
  "chunk_length_s": null,
  "feature_extractor_type": "EncodecFeatureExtractor",
  "feature_size": 1,
  "overlap": null,
  "padding_side": "right",
  "padding_value": 0.0,
  "return_attention_mask": true,
  "sampling_rate": 44100
}

Could not locate the tokenizer configuration file, will try to use the model config instead.
loading configuration file config.json from cache at /app/.cache/huggingface/hub/models--2121-8--japanese-parler-tts-mini/snapshots/3d99651f8af2d4cf28f67a2f96ceea3025854554/config.json
Traceback (most recent call last):
  File "/root/app/.venv/lib/python3.11/site-packages/transformers/models/auto/configuration_auto.py", line 1034, in from_pretrained
    config_class = CONFIG_MAPPING[config_dict["model_type"]]
                   ~~~~~~~~~~~~~~^^^^^^^^^^^^^^^^^^^^^^^^^^^
  File "/root/app/.venv/lib/python3.11/site-packages/transformers/models/auto/configuration_auto.py", line 736, in __getitem__
    raise KeyError(key)
KeyError: 'parler_tts'

During handling of the above exception, another exception occurred:

Traceback (most recent call last):
  File "/root/app/./training/run_parler_tts_training.py", line 1214, in <module>
    main()
  File "/root/app/./training/run_parler_tts_training.py", line 199, in main
    prompt_tokenizer = AutoTokenizer.from_pretrained(
                       ^^^^^^^^^^^^^^^^^^^^^^^^^^^^^^
  File "/root/app/.venv/lib/python3.11/site-packages/transformers/models/auto/tokenization_auto.py", line 877, in from_pretrained
    config = AutoConfig.from_pretrained(
             ^^^^^^^^^^^^^^^^^^^^^^^^^^^
  File "/root/app/.venv/lib/python3.11/site-packages/transformers/models/auto/configuration_auto.py", line 1036, in from_pretrained
    raise ValueError(
ValueError: The checkpoint you are trying to load has model type `parler_tts` but Transformers does not recognize this architecture. This could be because of an issue with the checkpoint, or because your version of Transformers is out of date.
